<?xml version="1.0" encoding="UTF-8"?>
<testng-results skipped="0" failed="0" ignored="0" total="1" passed="1">
  <reporter-output>
  </reporter-output>
  <suite name="Suite" duration-ms="19671" started-at="2019-12-23T22:36:33 IST" finished-at="2019-12-23T22:36:52 IST">
    <groups>
    </groups>
    <test name="ChromeTest" duration-ms="19671" started-at="2019-12-23T22:36:33 IST" finished-at="2019-12-23T22:36:52 IST">
      <class name="demo.demoTest2312.SeleniumTest">
        <test-method status="PASS" signature="openBrowser(java.lang.String)[pri:0, instance:demo.demoTest2312.SeleniumTest@2b552920]" name="openBrowser" is-config="true" duration-ms="5884" started-at="2019-12-23T22:36:33 IST" finished-at="2019-12-23T22:36:39 IST">
          <params>
            <param index="0">
              <value>
                <![CDATA[chrome]]>
              </value>
            </param>
          </params>
          <reporter-output>
          </reporter-output>
        </test-method> <!-- openBrowser -->
        <test-method status="PASS" signature="setUp()[pri:0, instance:demo.demoTest2312.SeleniumTest@2b552920]" name="setUp" duration-ms="13777" started-at="2019-12-23T22:36:39 IST" finished-at="2019-12-23T22:36:52 IST">
          <reporter-output>
          </reporter-output>
        </test-method> <!-- setUp -->
      </class> <!-- demo.demoTest2312.SeleniumTest -->
    </test> <!-- ChromeTest -->
  </suite> <!-- Suite -->
</testng-results>
